803 total words
67 distinct words
=============================
Unique Unsorted
=============================
GreenEggsAndHam
803 total words
67 distinct words
Macbeth
18464 total words
3894 distinct words
Genesis
36145 total words
2727 distinct words
HoundOfTheBaskervilles
59508 total words
5963 distinct words
TheWarOfTheWorlds
60469 total words
7270 distinct words
TreasureIsland
68700 total words
6496 distinct words
TheSecretGarden
81307 total words
5323 distinct words
TwentyThousandLeagues
103769 total words
9409 distinct words
TheCountOfMonteCristo
463946 total words
17381 distinct words
Bible
766425 total words
14038 distinct words
=============================
Unique Sorted
=============================
GreenEggsAndHam
803 total words
67 distinct words
Macbeth
18464 total words
3894 distinct words
Genesis
36145 total words
2727 distinct words
HoundOfTheBaskervilles
59508 total words
5963 distinct words
TheWarOfTheWorlds
60469 total words
7270 distinct words
TreasureIsland
68700 total words
6496 distinct words
TheSecretGarden
81307 total words
5323 distinct words
TwentyThousandLeagues
103769 total words
9409 distinct words
TheCountOfMonteCristo
463946 total words
17381 distinct words
Bible
766425 total words
14038 distinct words
=============================
Parity Unsorted
=============================
GreenEggsAndHam
803 total words
39 words occur an odd number of times
Macbeth
18464 total words
2900 words occur an odd number of times
Genesis
36145 total words
1819 words occur an odd number of times
HoundOfTheBaskervilles
59508 total words
4066 words occur an odd number of times
TheWarOfTheWorlds
60469 total words
4965 words occur an odd number of times
TreasureIsland
68700 total words
4500 words occur an odd number of times
TheSecretGarden
81307 total words
3531 words occur an odd number of times
TwentyThousandLeagues
103769 total words
6329 words occur an odd number of times
TheCountOfMonteCristo
463946 total words
11154 words occur an odd number of times
Bible
766425 total words
8571 words occur an odd number of times
=============================
Unique Sorted
=============================
GreenEggsAndHam
803 total words
39 words occur an odd number of times
Macbeth
18464 total words
2900 words occur an odd number of times
Genesis
36145 total words
1819 words occur an odd number of times
HoundOfTheBaskervilles
59508 total words
4066 words occur an odd number of times
TheWarOfTheWorlds
60469 total words
4965 words occur an odd number of times
TreasureIsland
68700 total words
4500 words occur an odd number of times
TheSecretGarden
81307 total words
3531 words occur an odd number of times
TwentyThousandLeagues
103769 total words
6329 words occur an odd number of times
TheCountOfMonteCristo
463946 total words
11154 words occur an odd number of times
Bible
766425 total words
8571 words occur an odd number of times
